<?xml version="1.0" encoding="UTF-8"?>
<!-- Generated by org.testng.reporters.JUnitXMLReporter -->
<testsuite hostname="ARPGL006737" tests="3" failures="1" timestamp="13 Feb 2023 03:08:47 GMT" time="0.005" errors="0">
  <testcase name="testDivisionException" time="0.001" classname="CalculatorTestSuccessful"/>
  <testcase name="testDivison" time="0.0" classname="CalculatorTestSuccessful"/>
  <testcase name="testSubstraction" time="0.001" classname="CalculatorTestSuccessful">
    <failure type="java.lang.AssertionError" message="expected [true] but found [false]">
      <![CDATA[java.lang.AssertionError: expected [true] but found [false]
	at CalculatorTestSuccessful.testSubstraction(CalculatorTestSuccessful.java:71)
... Removed 31 stack frames]]>
    </failure>
  </testcase> <!-- testSubstraction -->
</testsuite>
